<?xml version="1.0" encoding="UTF-8"?>
<testng-results ignored="0" total="3" passed="3" failed="0" skipped="0">
  <reporter-output>
  </reporter-output>
  <suite started-at="2024-01-19T14:19:03 IST" name="SauceDemo" finished-at="2024-01-19T14:19:17 IST" duration-ms="14080">
    <groups>
      <group name="cucumber">
        <method signature="AbstractTestNGCucumberTests.runScenario(io.cucumber.testng.PickleWrapper,io.cucumber.testng.FeatureWrapper)[pri:0, instance:TestRunner.RunnerTest@47e2e487]" name="runScenario" class="io.cucumber.testng.AbstractTestNGCucumberTests"/>
      </group> <!-- cucumber -->
    </groups>
    <test started-at="2024-01-19T14:19:03 IST" name="LoginPage" finished-at="2024-01-19T14:19:17 IST" duration-ms="14080">
      <class name="TestRunner.RunnerTest">
        <test-method is-config="true" signature="setUpClass()[pri:0, instance:TestRunner.RunnerTest@47e2e487]" started-at="2024-01-19T14:19:03 IST" name="setUpClass" finished-at="2024-01-19T14:19:04 IST" duration-ms="1059" status="PASS">
          <reporter-output>
          </reporter-output>
        </test-method> <!-- setUpClass -->
        <test-method signature="runScenario(io.cucumber.testng.PickleWrapper,io.cucumber.testng.FeatureWrapper)[pri:0, instance:TestRunner.RunnerTest@47e2e487]" started-at="2024-01-19T14:19:04 IST" name="runScenario" description="Runs Cucumber Scenarios" data-provider="scenarios" finished-at="2024-01-19T14:19:14 IST" duration-ms="10406" status="PASS">
          <params>
            <param index="0">
              <value>
                <![CDATA["validate login page Functionality"]]>
              </value>
            </param>
            <param index="1">
              <value>
                <![CDATA["Optional[Test Sauce Demo Application]"]]>
              </value>
            </param>
          </params>
          <reporter-output>
          </reporter-output>
        </test-method> <!-- runScenario -->
        <test-method signature="runScenario(io.cucumber.testng.PickleWrapper,io.cucumber.testng.FeatureWrapper)[pri:0, instance:TestRunner.RunnerTest@47e2e487]" started-at="2024-01-19T14:19:14 IST" name="runScenario" description="Runs Cucumber Scenarios" data-provider="scenarios" finished-at="2024-01-19T14:19:15 IST" duration-ms="702" status="PASS">
          <params>
            <param index="0">
              <value>
                <![CDATA["validate Addtocart Functinality"]]>
              </value>
            </param>
            <param index="1">
              <value>
                <![CDATA["Optional[Test Sauce Demo Application]"]]>
              </value>
            </param>
          </params>
          <reporter-output>
          </reporter-output>
        </test-method> <!-- runScenario -->
        <test-method signature="runScenario(io.cucumber.testng.PickleWrapper,io.cucumber.testng.FeatureWrapper)[pri:0, instance:TestRunner.RunnerTest@47e2e487]" started-at="2024-01-19T14:19:15 IST" name="runScenario" description="Runs Cucumber Scenarios" data-provider="scenarios" finished-at="2024-01-19T14:19:17 IST" duration-ms="1711" status="PASS">
          <params>
            <param index="0">
              <value>
                <![CDATA["validate checkout and address page functionality"]]>
              </value>
            </param>
            <param index="1">
              <value>
                <![CDATA["Optional[Test Sauce Demo Application]"]]>
              </value>
            </param>
          </params>
          <reporter-output>
          </reporter-output>
        </test-method> <!-- runScenario -->
        <test-method is-config="true" signature="tearDownClass()[pri:0, instance:TestRunner.RunnerTest@47e2e487]" started-at="2024-01-19T14:19:17 IST" name="tearDownClass" finished-at="2024-01-19T14:19:17 IST" duration-ms="49" status="PASS">
          <reporter-output>
          </reporter-output>
        </test-method> <!-- tearDownClass -->
      </class> <!-- TestRunner.RunnerTest -->
    </test> <!-- LoginPage -->
  </suite> <!-- SauceDemo -->
</testng-results>
